<?xml version="1.0" encoding="UTF-8"?>
<!-- Generated by org.testng.reporters.JUnitReportReporter -->
<testsuite skipped="0" hostname="DESKTOP-MAA35J2" name="com.test.UserRegisterTest" tests="1" failures="0" timestamp="15 Aug 2020 08:39:13 GMT" time="3.381" errors="0">
  <testcase name="registration" time="3.381" classname="com.test.UserRegisterTest"/>
</testsuite> <!-- com.test.UserRegisterTest -->
