<?xml version="1.0" encoding="UTF-8"?>
<!-- Generated by org.testng.reporters.JUnitReportReporter -->
<testsuite skipped="0" hostname="DESKTOP-MAA35J2" name="com.test.NewTest" tests="1" failures="0" timestamp="15 Aug 2020 06:14:15 GMT" time="70.030" errors="0">
  <testcase name="f" time="70.030" classname="com.test.NewTest"/>
</testsuite> <!-- com.test.NewTest -->
